2026-02-10 14:16:26,125 | INFO | 20260210-141626 | DRY RUN: Would send email to kebede298@gmail.com
2026-02-10 14:16:26,125 | INFO | 20260210-141626 | DRY RUN: Would send email to ayevuir3@gmail.com
2026-02-10 14:16:26,126 | WARNING | 20260210-141626 | Invalid recipient Email: dcc2y2 x@gmail.com
2026-02-10 14:16:26,126 | WARNING | 20260210-141626 | Invalid recipient Email: ebuwe 24g2@gmail.com
2026-02-10 14:16:26,126 | INFO | 20260210-141626 | DRY RUN: Would send email to eg8wfwrb8@gmail.com
2026-02-10 14:16:26,126 | INFO | 20260210-141626 | DRY RUN: Would send email to alice.smith@example.com
2026-02-10 14:16:26,127 | INFO | 20260210-141626 | DRY RUN: Would send email to bob.johnson@example.net
2026-02-10 14:16:26,127 | INFO | 20260210-141626 | DRY RUN: Would send email to carol.davis@example.org
2026-02-10 14:16:26,127 | INFO | 20260210-141626 | DRY RUN: Would send email to david.miller@example.com
2026-02-10 14:16:26,127 | INFO | 20260210-141626 | DRY RUN: Would send email to emma.wilson@example.net
2026-02-10 14:16:26,127 | INFO | 20260210-141626 | DRY RUN: Would send email to frank.moore@example.org
2026-02-10 14:16:26,127 | INFO | 20260210-141626 | DRY RUN: Would send email to grace.taylor@example.com
2026-02-10 14:16:26,127 | INFO | 20260210-141626 | DRY RUN: Would send email to henry.anderson@example.net
2026-02-10 14:16:26,127 | INFO | 20260210-141626 | DRY RUN: Would send email to isabel.thomas@example.org
2026-02-10 14:16:26,128 | INFO | 20260210-141626 | DRY RUN: Would send email to jack.lee@example.com
2026-02-10 14:16:26,128 | INFO | 20260210-141626 | Executive Report----------------------
Sent emails: 13
Invalid emails: 2
Bounced emails: 0
2026-02-11 17:26:23,033 | INFO | 20260211-172623 | DRY RUN: Would send email to kebede298@gmail.com
2026-02-11 17:26:23,034 | INFO | 20260211-172623 | DRY RUN: Would send email to ayevuir3@gmail.com
2026-02-11 17:26:23,034 | WARNING | 20260211-172623 | Invalid recipient Email: dcc2y2 x@gmail.com
2026-02-11 17:26:23,034 | WARNING | 20260211-172623 | Invalid recipient Email: ebuwe 24g2@gmail.com
2026-02-11 17:26:23,034 | INFO | 20260211-172623 | DRY RUN: Would send email to eg8wfwrb8@gmail.com
2026-02-11 17:26:23,035 | INFO | 20260211-172623 | DRY RUN: Would send email to alice.smith@example.com
2026-02-11 17:26:23,035 | INFO | 20260211-172623 | DRY RUN: Would send email to bob.johnson@example.net
2026-02-11 17:26:23,035 | INFO | 20260211-172623 | DRY RUN: Would send email to carol.davis@example.org
2026-02-11 17:26:23,035 | INFO | 20260211-172623 | DRY RUN: Would send email to david.miller@example.com
2026-02-11 17:26:23,035 | INFO | 20260211-172623 | DRY RUN: Would send email to emma.wilson@example.net
2026-02-11 17:26:23,035 | INFO | 20260211-172623 | DRY RUN: Would send email to frank.moore@example.org
2026-02-11 17:26:23,035 | INFO | 20260211-172623 | DRY RUN: Would send email to grace.taylor@example.com
2026-02-11 17:26:23,035 | INFO | 20260211-172623 | DRY RUN: Would send email to henry.anderson@example.net
2026-02-11 17:26:23,035 | INFO | 20260211-172623 | DRY RUN: Would send email to isabel.thomas@example.org
2026-02-11 17:26:23,035 | INFO | 20260211-172623 | DRY RUN: Would send email to jack.lee@example.com
2026-02-11 17:26:23,035 | INFO | 20260211-172623 | Executive Report----------------------
Sent emails: 13
Invalid emails: 2
Bounced emails: 0
2026-02-11 18:26:12,451 | INFO | 20260211-182612 | DRY RUN: Would send email to kebede298@gmail.com
2026-02-11 18:26:12,453 | INFO | 20260211-182612 | DRY RUN: Would send email to ayevuir3@gmail.com
2026-02-11 18:26:12,458 | WARNING | 20260211-182612 | Invalid recipient Email: dcc2y2 x@gmail.com
2026-02-11 18:26:12,463 | WARNING | 20260211-182612 | Invalid recipient Email: ebuwe 24g2@gmail.com
2026-02-11 18:26:12,466 | INFO | 20260211-182612 | DRY RUN: Would send email to eg8wfwrb8@gmail.com
2026-02-11 18:26:12,468 | INFO | 20260211-182612 | DRY RUN: Would send email to alice.smith@example.com
2026-02-11 18:26:12,470 | INFO | 20260211-182612 | DRY RUN: Would send email to bob.johnson@example.net
2026-02-11 18:26:12,472 | INFO | 20260211-182612 | DRY RUN: Would send email to carol.davis@example.org
2026-02-11 18:26:12,475 | INFO | 20260211-182612 | DRY RUN: Would send email to david.miller@example.com
2026-02-11 18:26:12,477 | INFO | 20260211-182612 | DRY RUN: Would send email to emma.wilson@example.net
2026-02-11 18:26:12,482 | INFO | 20260211-182612 | DRY RUN: Would send email to frank.moore@example.org
2026-02-11 18:26:12,485 | INFO | 20260211-182612 | DRY RUN: Would send email to grace.taylor@example.com
2026-02-11 18:26:12,488 | INFO | 20260211-182612 | DRY RUN: Would send email to henry.anderson@example.net
2026-02-11 18:26:12,491 | INFO | 20260211-182612 | DRY RUN: Would send email to isabel.thomas@example.org
2026-02-11 18:26:12,493 | INFO | 20260211-182612 | DRY RUN: Would send email to jack.lee@example.com
2026-02-11 18:26:12,497 | INFO | 20260211-182612 | Executive Report----------------------
Sent emails: 13
Invalid emails: 2
Bounced emails: 0
2026-02-11 18:27:01,750 | INFO | 20260211-182701 | DRY RUN: Would send email to kebede298@gmail.com
2026-02-11 18:27:01,753 | INFO | 20260211-182701 | DRY RUN: Would send email to ayevuir3@gmail.com
2026-02-11 18:27:01,757 | WARNING | 20260211-182701 | Invalid recipient Email: dcc2y2 x@gmail.com
2026-02-11 18:27:01,760 | WARNING | 20260211-182701 | Invalid recipient Email: ebuwe 24g2@gmail.com
2026-02-11 18:27:01,762 | INFO | 20260211-182701 | DRY RUN: Would send email to eg8wfwrb8@gmail.com
2026-02-11 18:27:01,765 | INFO | 20260211-182701 | DRY RUN: Would send email to alice.smith@example.com
2026-02-11 18:27:01,768 | INFO | 20260211-182701 | DRY RUN: Would send email to bob.johnson@example.net
2026-02-11 18:27:01,771 | INFO | 20260211-182701 | DRY RUN: Would send email to carol.davis@example.org
2026-02-11 18:27:01,777 | INFO | 20260211-182701 | DRY RUN: Would send email to david.miller@example.com
2026-02-11 18:27:01,780 | INFO | 20260211-182701 | DRY RUN: Would send email to emma.wilson@example.net
2026-02-11 18:27:01,782 | INFO | 20260211-182701 | DRY RUN: Would send email to frank.moore@example.org
2026-02-11 18:27:01,786 | INFO | 20260211-182701 | DRY RUN: Would send email to grace.taylor@example.com
2026-02-11 18:27:01,789 | INFO | 20260211-182701 | DRY RUN: Would send email to henry.anderson@example.net
2026-02-11 18:27:01,792 | INFO | 20260211-182701 | DRY RUN: Would send email to isabel.thomas@example.org
2026-02-11 18:27:01,795 | INFO | 20260211-182701 | DRY RUN: Would send email to jack.lee@example.com
2026-02-11 18:27:01,797 | INFO | 20260211-182701 | Executive Report----------------------
Sent emails: 13
Invalid emails: 2
Bounced emails: 0
Cron job already exists.
2026-02-11 18:28:02,239 | INFO | 20260211-182802 | DRY RUN: Would send email to kebede298@gmail.com
2026-02-11 18:28:02,241 | INFO | 20260211-182802 | DRY RUN: Would send email to ayevuir3@gmail.com
2026-02-11 18:28:02,248 | WARNING | 20260211-182802 | Invalid recipient Email: dcc2y2 x@gmail.com
2026-02-11 18:28:02,252 | WARNING | 20260211-182802 | Invalid recipient Email: ebuwe 24g2@gmail.com
2026-02-11 18:28:02,255 | INFO | 20260211-182802 | DRY RUN: Would send email to eg8wfwrb8@gmail.com
2026-02-11 18:28:02,258 | INFO | 20260211-182802 | DRY RUN: Would send email to alice.smith@example.com
2026-02-11 18:28:02,260 | INFO | 20260211-182802 | DRY RUN: Would send email to bob.johnson@example.net
2026-02-11 18:28:02,270 | INFO | 20260211-182802 | DRY RUN: Would send email to carol.davis@example.org
2026-02-11 18:28:02,274 | INFO | 20260211-182802 | DRY RUN: Would send email to david.miller@example.com
2026-02-11 18:28:02,276 | INFO | 20260211-182802 | DRY RUN: Would send email to emma.wilson@example.net
2026-02-11 18:28:02,286 | INFO | 20260211-182802 | DRY RUN: Would send email to frank.moore@example.org
2026-02-11 18:28:02,289 | INFO | 20260211-182802 | DRY RUN: Would send email to grace.taylor@example.com
2026-02-11 18:28:02,292 | INFO | 20260211-182802 | DRY RUN: Would send email to henry.anderson@example.net
2026-02-11 18:28:02,295 | INFO | 20260211-182802 | DRY RUN: Would send email to isabel.thomas@example.org
2026-02-11 18:28:02,302 | INFO | 20260211-182802 | DRY RUN: Would send email to jack.lee@example.com
2026-02-11 18:28:02,304 | INFO | 20260211-182802 | Executive Report----------------------
Sent emails: 13
Invalid emails: 2
Bounced emails: 0
Cron job already exists.
2026-02-11 18:28:43,613 | INFO | 20260211-182843 | DRY RUN: Would send email to kebede298@gmail.com
2026-02-11 18:28:43,615 | INFO | 20260211-182843 | DRY RUN: Would send email to ayevuir3@gmail.com
2026-02-11 18:28:43,617 | WARNING | 20260211-182843 | Invalid recipient Email: dcc2y2 x@gmail.com
2026-02-11 18:28:43,619 | WARNING | 20260211-182843 | Invalid recipient Email: ebuwe 24g2@gmail.com
2026-02-11 18:28:43,621 | INFO | 20260211-182843 | DRY RUN: Would send email to eg8wfwrb8@gmail.com
2026-02-11 18:28:43,623 | INFO | 20260211-182843 | DRY RUN: Would send email to alice.smith@example.com
2026-02-11 18:28:43,625 | INFO | 20260211-182843 | DRY RUN: Would send email to bob.johnson@example.net
2026-02-11 18:28:43,627 | INFO | 20260211-182843 | DRY RUN: Would send email to carol.davis@example.org
2026-02-11 18:28:43,629 | INFO | 20260211-182843 | DRY RUN: Would send email to david.miller@example.com
2026-02-11 18:28:43,631 | INFO | 20260211-182843 | DRY RUN: Would send email to emma.wilson@example.net
2026-02-11 18:28:43,633 | INFO | 20260211-182843 | DRY RUN: Would send email to frank.moore@example.org
2026-02-11 18:28:43,635 | INFO | 20260211-182843 | DRY RUN: Would send email to grace.taylor@example.com
2026-02-11 18:28:43,637 | INFO | 20260211-182843 | DRY RUN: Would send email to henry.anderson@example.net
2026-02-11 18:28:43,639 | INFO | 20260211-182843 | DRY RUN: Would send email to isabel.thomas@example.org
2026-02-11 18:28:43,641 | INFO | 20260211-182843 | DRY RUN: Would send email to jack.lee@example.com
2026-02-11 18:28:43,643 | INFO | 20260211-182843 | Executive Report----------------------
Sent emails: 13
Invalid emails: 2
Bounced emails: 0
2026-02-11 18:29:00,525 | INFO | 20260211-182900 | DRY RUN: Would send email to kebede298@gmail.com
2026-02-11 18:29:00,527 | INFO | 20260211-182900 | DRY RUN: Would send email to ayevuir3@gmail.com
2026-02-11 18:29:00,530 | WARNING | 20260211-182900 | Invalid recipient Email: dcc2y2 x@gmail.com
2026-02-11 18:29:00,533 | WARNING | 20260211-182900 | Invalid recipient Email: ebuwe 24g2@gmail.com
2026-02-11 18:29:00,537 | INFO | 20260211-182900 | DRY RUN: Would send email to eg8wfwrb8@gmail.com
2026-02-11 18:29:00,539 | INFO | 20260211-182900 | DRY RUN: Would send email to alice.smith@example.com
2026-02-11 18:29:00,542 | INFO | 20260211-182900 | DRY RUN: Would send email to bob.johnson@example.net
2026-02-11 18:29:00,545 | INFO | 20260211-182900 | DRY RUN: Would send email to carol.davis@example.org
2026-02-11 18:29:00,547 | INFO | 20260211-182900 | DRY RUN: Would send email to david.miller@example.com
2026-02-11 18:29:00,550 | INFO | 20260211-182900 | DRY RUN: Would send email to emma.wilson@example.net
2026-02-11 18:29:00,553 | INFO | 20260211-182900 | DRY RUN: Would send email to frank.moore@example.org
2026-02-11 18:29:00,555 | INFO | 20260211-182900 | DRY RUN: Would send email to grace.taylor@example.com
2026-02-11 18:29:00,557 | INFO | 20260211-182900 | DRY RUN: Would send email to henry.anderson@example.net
2026-02-11 18:29:00,560 | INFO | 20260211-182900 | DRY RUN: Would send email to isabel.thomas@example.org
2026-02-11 18:29:00,563 | INFO | 20260211-182900 | DRY RUN: Would send email to jack.lee@example.com
2026-02-11 18:29:00,566 | INFO | 20260211-182900 | Executive Report----------------------
Sent emails: 13
Invalid emails: 2
Bounced emails: 0
Cron job already exists.
2026-02-11 18:29:30,689 | INFO | 20260211-182930 | DRY RUN: Would send email to kebede298@gmail.com
2026-02-11 18:29:30,691 | INFO | 20260211-182930 | DRY RUN: Would send email to ayevuir3@gmail.com
2026-02-11 18:29:30,693 | WARNING | 20260211-182930 | Invalid recipient Email: dcc2y2 x@gmail.com
2026-02-11 18:29:30,695 | WARNING | 20260211-182930 | Invalid recipient Email: ebuwe 24g2@gmail.com
2026-02-11 18:29:30,697 | INFO | 20260211-182930 | DRY RUN: Would send email to eg8wfwrb8@gmail.com
2026-02-11 18:29:30,699 | INFO | 20260211-182930 | DRY RUN: Would send email to alice.smith@example.com
2026-02-11 18:29:30,701 | INFO | 20260211-182930 | DRY RUN: Would send email to bob.johnson@example.net
2026-02-11 18:29:30,703 | INFO | 20260211-182930 | DRY RUN: Would send email to carol.davis@example.org
2026-02-11 18:29:30,705 | INFO | 20260211-182930 | DRY RUN: Would send email to david.miller@example.com
2026-02-11 18:29:30,707 | INFO | 20260211-182930 | DRY RUN: Would send email to emma.wilson@example.net
2026-02-11 18:29:30,709 | INFO | 20260211-182930 | DRY RUN: Would send email to frank.moore@example.org
2026-02-11 18:29:30,712 | INFO | 20260211-182930 | DRY RUN: Would send email to grace.taylor@example.com
2026-02-11 18:29:30,715 | INFO | 20260211-182930 | DRY RUN: Would send email to henry.anderson@example.net
2026-02-11 18:29:30,717 | INFO | 20260211-182930 | DRY RUN: Would send email to isabel.thomas@example.org
2026-02-11 18:29:30,719 | INFO | 20260211-182930 | DRY RUN: Would send email to jack.lee@example.com
2026-02-11 18:29:30,721 | INFO | 20260211-182930 | Executive Report----------------------
Sent emails: 13
Invalid emails: 2
Bounced emails: 0
2026-02-11 18:30:01,988 | INFO | 20260211-183001 | DRY RUN: Would send email to kebede298@gmail.com
2026-02-11 18:30:01,990 | INFO | 20260211-183001 | DRY RUN: Would send email to ayevuir3@gmail.com
2026-02-11 18:30:01,992 | WARNING | 20260211-183001 | Invalid recipient Email: dcc2y2 x@gmail.com
2026-02-11 18:30:01,994 | WARNING | 20260211-183001 | Invalid recipient Email: ebuwe 24g2@gmail.com
2026-02-11 18:30:01,996 | INFO | 20260211-183001 | DRY RUN: Would send email to eg8wfwrb8@gmail.com
2026-02-11 18:30:01,998 | INFO | 20260211-183001 | DRY RUN: Would send email to alice.smith@example.com
2026-02-11 18:30:02,000 | INFO | 20260211-183001 | DRY RUN: Would send email to bob.johnson@example.net
2026-02-11 18:30:02,002 | INFO | 20260211-183001 | DRY RUN: Would send email to carol.davis@example.org
2026-02-11 18:30:02,004 | INFO | 20260211-183001 | DRY RUN: Would send email to david.miller@example.com
2026-02-11 18:30:02,007 | INFO | 20260211-183001 | DRY RUN: Would send email to emma.wilson@example.net
2026-02-11 18:30:02,010 | INFO | 20260211-183001 | DRY RUN: Would send email to frank.moore@example.org
2026-02-11 18:30:02,012 | INFO | 20260211-183001 | DRY RUN: Would send email to grace.taylor@example.com
2026-02-11 18:30:02,014 | INFO | 20260211-183001 | DRY RUN: Would send email to henry.anderson@example.net
2026-02-11 18:30:02,015 | INFO | 20260211-183001 | DRY RUN: Would send email to isabel.thomas@example.org
2026-02-11 18:30:02,017 | INFO | 20260211-183001 | DRY RUN: Would send email to jack.lee@example.com
2026-02-11 18:30:02,019 | INFO | 20260211-183001 | Executive Report----------------------
Sent emails: 13
Invalid emails: 2
Bounced emails: 0
Cron job already exists.
2026-02-11 18:31:01,596 | INFO | 20260211-183101 | DRY RUN: Would send email to kebede298@gmail.com
2026-02-11 18:31:01,599 | INFO | 20260211-183101 | DRY RUN: Would send email to ayevuir3@gmail.com
2026-02-11 18:31:01,602 | WARNING | 20260211-183101 | Invalid recipient Email: dcc2y2 x@gmail.com
2026-02-11 18:31:01,605 | WARNING | 20260211-183101 | Invalid recipient Email: ebuwe 24g2@gmail.com
2026-02-11 18:31:01,608 | INFO | 20260211-183101 | DRY RUN: Would send email to eg8wfwrb8@gmail.com
2026-02-11 18:31:01,611 | INFO | 20260211-183101 | DRY RUN: Would send email to alice.smith@example.com
2026-02-11 18:31:01,614 | INFO | 20260211-183101 | DRY RUN: Would send email to bob.johnson@example.net
2026-02-11 18:31:01,617 | INFO | 20260211-183101 | DRY RUN: Would send email to carol.davis@example.org
2026-02-11 18:31:01,623 | INFO | 20260211-183101 | DRY RUN: Would send email to david.miller@example.com
2026-02-11 18:31:01,626 | INFO | 20260211-183101 | DRY RUN: Would send email to emma.wilson@example.net
2026-02-11 18:31:01,629 | INFO | 20260211-183101 | DRY RUN: Would send email to frank.moore@example.org
2026-02-11 18:31:01,632 | INFO | 20260211-183101 | DRY RUN: Would send email to grace.taylor@example.com
2026-02-11 18:31:01,635 | INFO | 20260211-183101 | DRY RUN: Would send email to henry.anderson@example.net
2026-02-11 18:31:01,640 | INFO | 20260211-183101 | DRY RUN: Would send email to isabel.thomas@example.org
2026-02-11 18:31:01,643 | INFO | 20260211-183101 | DRY RUN: Would send email to jack.lee@example.com
2026-02-11 18:31:01,647 | INFO | 20260211-183101 | Executive Report----------------------
Sent emails: 13
Invalid emails: 2
Bounced emails: 0
Cron job already exists.
2026-02-11 18:31:38,785 | INFO | 20260211-183138 | DRY RUN: Would send email to kebede298@gmail.com
2026-02-11 18:31:38,786 | INFO | 20260211-183138 | DRY RUN: Would send email to ayevuir3@gmail.com
2026-02-11 18:31:38,789 | WARNING | 20260211-183138 | Invalid recipient Email: dcc2y2 x@gmail.com
2026-02-11 18:31:38,791 | WARNING | 20260211-183138 | Invalid recipient Email: ebuwe 24g2@gmail.com
2026-02-11 18:31:38,794 | INFO | 20260211-183138 | DRY RUN: Would send email to eg8wfwrb8@gmail.com
2026-02-11 18:31:38,796 | INFO | 20260211-183138 | DRY RUN: Would send email to alice.smith@example.com
2026-02-11 18:31:38,798 | INFO | 20260211-183138 | DRY RUN: Would send email to bob.johnson@example.net
2026-02-11 18:31:38,800 | INFO | 20260211-183138 | DRY RUN: Would send email to carol.davis@example.org
2026-02-11 18:31:38,802 | INFO | 20260211-183138 | DRY RUN: Would send email to david.miller@example.com
2026-02-11 18:31:38,804 | INFO | 20260211-183138 | DRY RUN: Would send email to emma.wilson@example.net
2026-02-11 18:31:38,806 | INFO | 20260211-183138 | DRY RUN: Would send email to frank.moore@example.org
2026-02-11 18:31:38,808 | INFO | 20260211-183138 | DRY RUN: Would send email to grace.taylor@example.com
2026-02-11 18:31:38,811 | INFO | 20260211-183138 | DRY RUN: Would send email to henry.anderson@example.net
2026-02-11 18:31:38,813 | INFO | 20260211-183138 | DRY RUN: Would send email to isabel.thomas@example.org
2026-02-11 18:31:38,815 | INFO | 20260211-183138 | DRY RUN: Would send email to jack.lee@example.com
2026-02-11 18:31:38,817 | INFO | 20260211-183138 | Executive Report----------------------
Sent emails: 13
Invalid emails: 2
Bounced emails: 0
2026-02-11 18:32:02,412 | INFO | 20260211-183202 | DRY RUN: Would send email to kebede298@gmail.com
2026-02-11 18:32:02,413 | INFO | 20260211-183202 | DRY RUN: Would send email to ayevuir3@gmail.com
2026-02-11 18:32:02,416 | WARNING | 20260211-183202 | Invalid recipient Email: dcc2y2 x@gmail.com
2026-02-11 18:32:02,418 | WARNING | 20260211-183202 | Invalid recipient Email: ebuwe 24g2@gmail.com
2026-02-11 18:32:02,420 | INFO | 20260211-183202 | DRY RUN: Would send email to eg8wfwrb8@gmail.com
2026-02-11 18:32:02,423 | INFO | 20260211-183202 | DRY RUN: Would send email to alice.smith@example.com
2026-02-11 18:32:02,425 | INFO | 20260211-183202 | DRY RUN: Would send email to bob.johnson@example.net
2026-02-11 18:32:02,428 | INFO | 20260211-183202 | DRY RUN: Would send email to carol.davis@example.org
2026-02-11 18:32:02,430 | INFO | 20260211-183202 | DRY RUN: Would send email to david.miller@example.com
2026-02-11 18:32:02,433 | INFO | 20260211-183202 | DRY RUN: Would send email to emma.wilson@example.net
2026-02-11 18:32:02,435 | INFO | 20260211-183202 | DRY RUN: Would send email to frank.moore@example.org
2026-02-11 18:32:02,437 | INFO | 20260211-183202 | DRY RUN: Would send email to grace.taylor@example.com
2026-02-11 18:32:02,439 | INFO | 20260211-183202 | DRY RUN: Would send email to henry.anderson@example.net
2026-02-11 18:32:02,441 | INFO | 20260211-183202 | DRY RUN: Would send email to isabel.thomas@example.org
2026-02-11 18:32:02,443 | INFO | 20260211-183202 | DRY RUN: Would send email to jack.lee@example.com
2026-02-11 18:32:02,445 | INFO | 20260211-183202 | Executive Report----------------------
Sent emails: 13
Invalid emails: 2
Bounced emails: 0
Cron job already exists.
2026-02-11 18:33:02,936 | INFO | 20260211-183302 | DRY RUN: Would send email to kebede298@gmail.com
2026-02-11 18:33:02,939 | INFO | 20260211-183302 | DRY RUN: Would send email to ayevuir3@gmail.com
2026-02-11 18:33:02,948 | WARNING | 20260211-183302 | Invalid recipient Email: dcc2y2 x@gmail.com
2026-02-11 18:33:02,952 | WARNING | 20260211-183302 | Invalid recipient Email: ebuwe 24g2@gmail.com
2026-02-11 18:33:02,955 | INFO | 20260211-183302 | DRY RUN: Would send email to eg8wfwrb8@gmail.com
2026-02-11 18:33:02,964 | INFO | 20260211-183302 | DRY RUN: Would send email to alice.smith@example.com
2026-02-11 18:33:02,967 | INFO | 20260211-183302 | DRY RUN: Would send email to bob.johnson@example.net
2026-02-11 18:33:02,971 | INFO | 20260211-183302 | DRY RUN: Would send email to carol.davis@example.org
2026-02-11 18:33:02,974 | INFO | 20260211-183302 | DRY RUN: Would send email to david.miller@example.com
2026-02-11 18:33:02,976 | INFO | 20260211-183302 | DRY RUN: Would send email to emma.wilson@example.net
2026-02-11 18:33:02,979 | INFO | 20260211-183302 | DRY RUN: Would send email to frank.moore@example.org
2026-02-11 18:33:02,984 | INFO | 20260211-183302 | DRY RUN: Would send email to grace.taylor@example.com
2026-02-11 18:33:02,990 | INFO | 20260211-183302 | DRY RUN: Would send email to henry.anderson@example.net
2026-02-11 18:33:02,993 | INFO | 20260211-183302 | DRY RUN: Would send email to isabel.thomas@example.org
2026-02-11 18:33:02,995 | INFO | 20260211-183302 | DRY RUN: Would send email to jack.lee@example.com
2026-02-11 18:33:02,999 | INFO | 20260211-183302 | Executive Report----------------------
Sent emails: 13
Invalid emails: 2
Bounced emails: 0
Cron job already exists.
2026-02-11 18:34:02,160 | INFO | 20260211-183402 | DRY RUN: Would send email to kebede298@gmail.com
2026-02-11 18:34:02,163 | INFO | 20260211-183402 | DRY RUN: Would send email to ayevuir3@gmail.com
2026-02-11 18:34:02,167 | WARNING | 20260211-183402 | Invalid recipient Email: dcc2y2 x@gmail.com
2026-02-11 18:34:02,170 | WARNING | 20260211-183402 | Invalid recipient Email: ebuwe 24g2@gmail.com
2026-02-11 18:34:02,173 | INFO | 20260211-183402 | DRY RUN: Would send email to eg8wfwrb8@gmail.com
2026-02-11 18:34:02,177 | INFO | 20260211-183402 | DRY RUN: Would send email to alice.smith@example.com
2026-02-11 18:34:02,180 | INFO | 20260211-183402 | DRY RUN: Would send email to bob.johnson@example.net
2026-02-11 18:34:02,184 | INFO | 20260211-183402 | DRY RUN: Would send email to carol.davis@example.org
2026-02-11 18:34:02,188 | INFO | 20260211-183402 | DRY RUN: Would send email to david.miller@example.com
2026-02-11 18:34:02,192 | INFO | 20260211-183402 | DRY RUN: Would send email to emma.wilson@example.net
2026-02-11 18:34:02,196 | INFO | 20260211-183402 | DRY RUN: Would send email to frank.moore@example.org
2026-02-11 18:34:02,202 | INFO | 20260211-183402 | DRY RUN: Would send email to grace.taylor@example.com
2026-02-11 18:34:02,206 | INFO | 20260211-183402 | DRY RUN: Would send email to henry.anderson@example.net
2026-02-11 18:34:02,209 | INFO | 20260211-183402 | DRY RUN: Would send email to isabel.thomas@example.org
2026-02-11 18:34:02,213 | INFO | 20260211-183402 | DRY RUN: Would send email to jack.lee@example.com
2026-02-11 18:34:02,218 | INFO | 20260211-183402 | Executive Report----------------------
Sent emails: 13
Invalid emails: 2
Bounced emails: 0
Cron job already exists.
2026-02-11 18:34:19,257 | INFO | 20260211-183419 | DRY RUN: Would send email to kebede298@gmail.com
2026-02-11 18:34:19,261 | INFO | 20260211-183419 | DRY RUN: Would send email to ayevuir3@gmail.com
2026-02-11 18:34:19,263 | WARNING | 20260211-183419 | Invalid recipient Email: dcc2y2 x@gmail.com
2026-02-11 18:34:19,265 | WARNING | 20260211-183419 | Invalid recipient Email: ebuwe 24g2@gmail.com
2026-02-11 18:34:19,267 | INFO | 20260211-183419 | DRY RUN: Would send email to eg8wfwrb8@gmail.com
2026-02-11 18:34:19,269 | INFO | 20260211-183419 | DRY RUN: Would send email to alice.smith@example.com
2026-02-11 18:34:19,271 | INFO | 20260211-183419 | DRY RUN: Would send email to bob.johnson@example.net
2026-02-11 18:34:19,274 | INFO | 20260211-183419 | DRY RUN: Would send email to carol.davis@example.org
2026-02-11 18:34:19,279 | INFO | 20260211-183419 | DRY RUN: Would send email to david.miller@example.com
2026-02-11 18:34:19,282 | INFO | 20260211-183419 | DRY RUN: Would send email to emma.wilson@example.net
2026-02-11 18:34:19,285 | INFO | 20260211-183419 | DRY RUN: Would send email to frank.moore@example.org
2026-02-11 18:34:19,287 | INFO | 20260211-183419 | DRY RUN: Would send email to grace.taylor@example.com
2026-02-11 18:34:19,289 | INFO | 20260211-183419 | DRY RUN: Would send email to henry.anderson@example.net
2026-02-11 18:34:19,292 | INFO | 20260211-183419 | DRY RUN: Would send email to isabel.thomas@example.org
2026-02-11 18:34:19,295 | INFO | 20260211-183419 | DRY RUN: Would send email to jack.lee@example.com
2026-02-11 18:34:19,298 | INFO | 20260211-183419 | Executive Report----------------------
Sent emails: 13
Invalid emails: 2
Bounced emails: 0
2026-02-11 18:35:02,160 | INFO | 20260211-183502 | DRY RUN: Would send email to kebede298@gmail.com
2026-02-11 18:35:02,162 | INFO | 20260211-183502 | DRY RUN: Would send email to ayevuir3@gmail.com
2026-02-11 18:35:02,164 | WARNING | 20260211-183502 | Invalid recipient Email: dcc2y2 x@gmail.com
2026-02-11 18:35:02,166 | WARNING | 20260211-183502 | Invalid recipient Email: ebuwe 24g2@gmail.com
2026-02-11 18:35:02,169 | INFO | 20260211-183502 | DRY RUN: Would send email to eg8wfwrb8@gmail.com
2026-02-11 18:35:02,171 | INFO | 20260211-183502 | DRY RUN: Would send email to alice.smith@example.com
2026-02-11 18:35:02,173 | INFO | 20260211-183502 | DRY RUN: Would send email to bob.johnson@example.net
2026-02-11 18:35:02,176 | INFO | 20260211-183502 | DRY RUN: Would send email to carol.davis@example.org
2026-02-11 18:35:02,178 | INFO | 20260211-183502 | DRY RUN: Would send email to david.miller@example.com
2026-02-11 18:35:02,181 | INFO | 20260211-183502 | DRY RUN: Would send email to emma.wilson@example.net
2026-02-11 18:35:02,183 | INFO | 20260211-183502 | DRY RUN: Would send email to frank.moore@example.org
2026-02-11 18:35:02,185 | INFO | 20260211-183502 | DRY RUN: Would send email to grace.taylor@example.com
2026-02-11 18:35:02,187 | INFO | 20260211-183502 | DRY RUN: Would send email to henry.anderson@example.net
2026-02-11 18:35:02,190 | INFO | 20260211-183502 | DRY RUN: Would send email to isabel.thomas@example.org
2026-02-11 18:35:02,194 | INFO | 20260211-183502 | DRY RUN: Would send email to jack.lee@example.com
2026-02-11 18:35:02,197 | INFO | 20260211-183502 | Executive Report----------------------
Sent emails: 13
Invalid emails: 2
Bounced emails: 0
Cron job already exists.
2026-02-11 18:35:13,899 | INFO | 20260211-183513 | DRY RUN: Would send email to kebede298@gmail.com
2026-02-11 18:35:13,901 | INFO | 20260211-183513 | DRY RUN: Would send email to ayevuir3@gmail.com
2026-02-11 18:35:13,906 | WARNING | 20260211-183513 | Invalid recipient Email: dcc2y2 x@gmail.com
2026-02-11 18:35:13,908 | WARNING | 20260211-183513 | Invalid recipient Email: ebuwe 24g2@gmail.com
2026-02-11 18:35:13,910 | INFO | 20260211-183513 | DRY RUN: Would send email to eg8wfwrb8@gmail.com
2026-02-11 18:35:13,913 | INFO | 20260211-183513 | DRY RUN: Would send email to alice.smith@example.com
2026-02-11 18:35:13,915 | INFO | 20260211-183513 | DRY RUN: Would send email to bob.johnson@example.net
2026-02-11 18:35:13,918 | INFO | 20260211-183513 | DRY RUN: Would send email to carol.davis@example.org
2026-02-11 18:35:13,922 | INFO | 20260211-183513 | DRY RUN: Would send email to david.miller@example.com
2026-02-11 18:35:13,924 | INFO | 20260211-183513 | DRY RUN: Would send email to emma.wilson@example.net
2026-02-11 18:35:13,927 | INFO | 20260211-183513 | DRY RUN: Would send email to frank.moore@example.org
2026-02-11 18:35:13,929 | INFO | 20260211-183513 | DRY RUN: Would send email to grace.taylor@example.com
2026-02-11 18:35:13,931 | INFO | 20260211-183513 | DRY RUN: Would send email to henry.anderson@example.net
2026-02-11 18:35:13,934 | INFO | 20260211-183513 | DRY RUN: Would send email to isabel.thomas@example.org
2026-02-11 18:35:13,937 | INFO | 20260211-183513 | DRY RUN: Would send email to jack.lee@example.com
2026-02-11 18:35:13,940 | INFO | 20260211-183513 | Executive Report----------------------
Sent emails: 13
Invalid emails: 2
Bounced emails: 0
2026-02-11 18:36:02,016 | INFO | 20260211-183602 | DRY RUN: Would send email to kebede298@gmail.com
2026-02-11 18:36:02,019 | INFO | 20260211-183602 | DRY RUN: Would send email to ayevuir3@gmail.com
2026-02-11 18:36:02,023 | WARNING | 20260211-183602 | Invalid recipient Email: dcc2y2 x@gmail.com
2026-02-11 18:36:02,025 | WARNING | 20260211-183602 | Invalid recipient Email: ebuwe 24g2@gmail.com
2026-02-11 18:36:02,027 | INFO | 20260211-183602 | DRY RUN: Would send email to eg8wfwrb8@gmail.com
2026-02-11 18:36:02,029 | INFO | 20260211-183602 | DRY RUN: Would send email to alice.smith@example.com
2026-02-11 18:36:02,032 | INFO | 20260211-183602 | DRY RUN: Would send email to bob.johnson@example.net
2026-02-11 18:36:02,034 | INFO | 20260211-183602 | DRY RUN: Would send email to carol.davis@example.org
2026-02-11 18:36:02,041 | INFO | 20260211-183602 | DRY RUN: Would send email to david.miller@example.com
2026-02-11 18:36:02,043 | INFO | 20260211-183602 | DRY RUN: Would send email to emma.wilson@example.net
2026-02-11 18:36:02,046 | INFO | 20260211-183602 | DRY RUN: Would send email to frank.moore@example.org
2026-02-11 18:36:02,048 | INFO | 20260211-183602 | DRY RUN: Would send email to grace.taylor@example.com
2026-02-11 18:36:02,051 | INFO | 20260211-183602 | DRY RUN: Would send email to henry.anderson@example.net
2026-02-11 18:36:02,056 | INFO | 20260211-183602 | DRY RUN: Would send email to isabel.thomas@example.org
2026-02-11 18:36:02,059 | INFO | 20260211-183602 | DRY RUN: Would send email to jack.lee@example.com
2026-02-11 18:36:02,061 | INFO | 20260211-183602 | Executive Report----------------------
Sent emails: 13
Invalid emails: 2
Bounced emails: 0
Cron job already exists.
2026-02-11 18:36:42,382 | INFO | 20260211-183642 | DRY RUN: Would send email to kebede298@gmail.com
2026-02-11 18:36:42,383 | INFO | 20260211-183642 | DRY RUN: Would send email to ayevuir3@gmail.com
2026-02-11 18:36:42,383 | WARNING | 20260211-183642 | Invalid recipient Email: dcc2y2 x@gmail.com
2026-02-11 18:36:42,384 | WARNING | 20260211-183642 | Invalid recipient Email: ebuwe 24g2@gmail.com
2026-02-11 18:36:42,384 | INFO | 20260211-183642 | DRY RUN: Would send email to eg8wfwrb8@gmail.com
2026-02-11 18:36:42,384 | INFO | 20260211-183642 | DRY RUN: Would send email to alice.smith@example.com
2026-02-11 18:36:42,384 | INFO | 20260211-183642 | DRY RUN: Would send email to bob.johnson@example.net
2026-02-11 18:36:42,385 | INFO | 20260211-183642 | DRY RUN: Would send email to carol.davis@example.org
2026-02-11 18:36:42,385 | INFO | 20260211-183642 | DRY RUN: Would send email to david.miller@example.com
2026-02-11 18:36:42,385 | INFO | 20260211-183642 | DRY RUN: Would send email to emma.wilson@example.net
2026-02-11 18:36:42,385 | INFO | 20260211-183642 | DRY RUN: Would send email to frank.moore@example.org
2026-02-11 18:36:42,386 | INFO | 20260211-183642 | DRY RUN: Would send email to grace.taylor@example.com
2026-02-11 18:36:42,386 | INFO | 20260211-183642 | DRY RUN: Would send email to henry.anderson@example.net
2026-02-11 18:36:42,386 | INFO | 20260211-183642 | DRY RUN: Would send email to isabel.thomas@example.org
2026-02-11 18:36:42,386 | INFO | 20260211-183642 | DRY RUN: Would send email to jack.lee@example.com
2026-02-11 18:36:42,387 | INFO | 20260211-183642 | Executive Report----------------------
Sent emails: 13
Invalid emails: 2
Bounced emails: 0
2026-02-11 18:37:01,763 | INFO | 20260211-183701 | DRY RUN: Would send email to kebede298@gmail.com
2026-02-11 18:37:01,768 | INFO | 20260211-183701 | DRY RUN: Would send email to ayevuir3@gmail.com
2026-02-11 18:37:01,774 | WARNING | 20260211-183701 | Invalid recipient Email: dcc2y2 x@gmail.com
2026-02-11 18:37:01,779 | WARNING | 20260211-183701 | Invalid recipient Email: ebuwe 24g2@gmail.com
2026-02-11 18:37:01,784 | INFO | 20260211-183701 | DRY RUN: Would send email to eg8wfwrb8@gmail.com
2026-02-11 18:37:01,789 | INFO | 20260211-183701 | DRY RUN: Would send email to alice.smith@example.com
2026-02-11 18:37:01,792 | INFO | 20260211-183701 | DRY RUN: Would send email to bob.johnson@example.net
2026-02-11 18:37:01,796 | INFO | 20260211-183701 | DRY RUN: Would send email to carol.davis@example.org
2026-02-11 18:37:01,802 | INFO | 20260211-183701 | DRY RUN: Would send email to david.miller@example.com
2026-02-11 18:37:01,806 | INFO | 20260211-183701 | DRY RUN: Would send email to emma.wilson@example.net
2026-02-11 18:37:01,809 | INFO | 20260211-183701 | DRY RUN: Would send email to frank.moore@example.org
2026-02-11 18:37:01,812 | INFO | 20260211-183701 | DRY RUN: Would send email to grace.taylor@example.com
2026-02-11 18:37:01,816 | INFO | 20260211-183701 | DRY RUN: Would send email to henry.anderson@example.net
2026-02-11 18:37:01,821 | INFO | 20260211-183701 | DRY RUN: Would send email to isabel.thomas@example.org
2026-02-11 18:37:01,824 | INFO | 20260211-183701 | DRY RUN: Would send email to jack.lee@example.com
2026-02-11 18:37:01,827 | INFO | 20260211-183701 | Executive Report----------------------
Sent emails: 13
Invalid emails: 2
Bounced emails: 0
Cron job already exists.
2026-02-11 18:38:02,849 | INFO | 20260211-183802 | DRY RUN: Would send email to kebede298@gmail.com
2026-02-11 18:38:02,852 | INFO | 20260211-183802 | DRY RUN: Would send email to ayevuir3@gmail.com
2026-02-11 18:38:02,856 | WARNING | 20260211-183802 | Invalid recipient Email: dcc2y2 x@gmail.com
2026-02-11 18:38:02,859 | WARNING | 20260211-183802 | Invalid recipient Email: ebuwe 24g2@gmail.com
2026-02-11 18:38:02,862 | INFO | 20260211-183802 | DRY RUN: Would send email to eg8wfwrb8@gmail.com
2026-02-11 18:38:02,865 | INFO | 20260211-183802 | DRY RUN: Would send email to alice.smith@example.com
2026-02-11 18:38:02,868 | INFO | 20260211-183802 | DRY RUN: Would send email to bob.johnson@example.net
2026-02-11 18:38:02,872 | INFO | 20260211-183802 | DRY RUN: Would send email to carol.davis@example.org
2026-02-11 18:38:02,876 | INFO | 20260211-183802 | DRY RUN: Would send email to david.miller@example.com
2026-02-11 18:38:02,878 | INFO | 20260211-183802 | DRY RUN: Would send email to emma.wilson@example.net
2026-02-11 18:38:02,882 | INFO | 20260211-183802 | DRY RUN: Would send email to frank.moore@example.org
2026-02-11 18:38:02,885 | INFO | 20260211-183802 | DRY RUN: Would send email to grace.taylor@example.com
2026-02-11 18:38:02,889 | INFO | 20260211-183802 | DRY RUN: Would send email to henry.anderson@example.net
2026-02-11 18:38:02,892 | INFO | 20260211-183802 | DRY RUN: Would send email to isabel.thomas@example.org
2026-02-11 18:38:02,895 | INFO | 20260211-183802 | DRY RUN: Would send email to jack.lee@example.com
2026-02-11 18:38:02,897 | INFO | 20260211-183802 | Executive Report----------------------
Sent emails: 13
Invalid emails: 2
Bounced emails: 0
Cron job already exists.
2026-02-11 18:39:02,794 | INFO | 20260211-183902 | DRY RUN: Would send email to kebede298@gmail.com
2026-02-11 18:39:02,796 | INFO | 20260211-183902 | DRY RUN: Would send email to ayevuir3@gmail.com
2026-02-11 18:39:02,802 | WARNING | 20260211-183902 | Invalid recipient Email: dcc2y2 x@gmail.com
2026-02-11 18:39:02,807 | WARNING | 20260211-183902 | Invalid recipient Email: ebuwe 24g2@gmail.com
2026-02-11 18:39:02,810 | INFO | 20260211-183902 | DRY RUN: Would send email to eg8wfwrb8@gmail.com
2026-02-11 18:39:02,814 | INFO | 20260211-183902 | DRY RUN: Would send email to alice.smith@example.com
2026-02-11 18:39:02,823 | INFO | 20260211-183902 | DRY RUN: Would send email to bob.johnson@example.net
2026-02-11 18:39:02,825 | INFO | 20260211-183902 | DRY RUN: Would send email to carol.davis@example.org
2026-02-11 18:39:02,828 | INFO | 20260211-183902 | DRY RUN: Would send email to david.miller@example.com
2026-02-11 18:39:02,835 | INFO | 20260211-183902 | DRY RUN: Would send email to emma.wilson@example.net
2026-02-11 18:39:02,840 | INFO | 20260211-183902 | DRY RUN: Would send email to frank.moore@example.org
2026-02-11 18:39:02,843 | INFO | 20260211-183902 | DRY RUN: Would send email to grace.taylor@example.com
2026-02-11 18:39:02,846 | INFO | 20260211-183902 | DRY RUN: Would send email to henry.anderson@example.net
2026-02-11 18:39:02,849 | INFO | 20260211-183902 | DRY RUN: Would send email to isabel.thomas@example.org
2026-02-11 18:39:02,852 | INFO | 20260211-183902 | DRY RUN: Would send email to jack.lee@example.com
2026-02-11 18:39:02,856 | INFO | 20260211-183902 | Executive Report----------------------
Sent emails: 13
Invalid emails: 2
Bounced emails: 0
Cron job already exists.
2026-02-11 18:40:02,384 | INFO | 20260211-184002 | DRY RUN: Would send email to kebede298@gmail.com
2026-02-11 18:40:02,386 | INFO | 20260211-184002 | DRY RUN: Would send email to ayevuir3@gmail.com
2026-02-11 18:40:02,388 | WARNING | 20260211-184002 | Invalid recipient Email: dcc2y2 x@gmail.com
2026-02-11 18:40:02,390 | WARNING | 20260211-184002 | Invalid recipient Email: ebuwe 24g2@gmail.com
2026-02-11 18:40:02,393 | INFO | 20260211-184002 | DRY RUN: Would send email to eg8wfwrb8@gmail.com
2026-02-11 18:40:02,395 | INFO | 20260211-184002 | DRY RUN: Would send email to alice.smith@example.com
2026-02-11 18:40:02,397 | INFO | 20260211-184002 | DRY RUN: Would send email to bob.johnson@example.net
2026-02-11 18:40:02,399 | INFO | 20260211-184002 | DRY RUN: Would send email to carol.davis@example.org
2026-02-11 18:40:02,402 | INFO | 20260211-184002 | DRY RUN: Would send email to david.miller@example.com
2026-02-11 18:40:02,404 | INFO | 20260211-184002 | DRY RUN: Would send email to emma.wilson@example.net
2026-02-11 18:40:02,407 | INFO | 20260211-184002 | DRY RUN: Would send email to frank.moore@example.org
2026-02-11 18:40:02,409 | INFO | 20260211-184002 | DRY RUN: Would send email to grace.taylor@example.com
2026-02-11 18:40:02,412 | INFO | 20260211-184002 | DRY RUN: Would send email to henry.anderson@example.net
2026-02-11 18:40:02,414 | INFO | 20260211-184002 | DRY RUN: Would send email to isabel.thomas@example.org
2026-02-11 18:40:02,416 | INFO | 20260211-184002 | DRY RUN: Would send email to jack.lee@example.com
2026-02-11 18:40:02,418 | INFO | 20260211-184002 | Executive Report----------------------
Sent emails: 13
Invalid emails: 2
Bounced emails: 0
Cron job already exists.
2026-02-11 18:42:01,884 | INFO | 20260211-184201 | DRY RUN: Would send email to kebede298@gmail.com
2026-02-11 18:42:01,886 | INFO | 20260211-184201 | DRY RUN: Would send email to ayevuir3@gmail.com
2026-02-11 18:42:01,892 | WARNING | 20260211-184201 | Invalid recipient Email: dcc2y2 x@gmail.com
2026-02-11 18:42:01,897 | WARNING | 20260211-184201 | Invalid recipient Email: ebuwe 24g2@gmail.com
2026-02-11 18:42:01,900 | INFO | 20260211-184201 | DRY RUN: Would send email to eg8wfwrb8@gmail.com
2026-02-11 18:42:01,905 | INFO | 20260211-184201 | DRY RUN: Would send email to alice.smith@example.com
2026-02-11 18:42:01,908 | INFO | 20260211-184201 | DRY RUN: Would send email to bob.johnson@example.net
2026-02-11 18:42:01,912 | INFO | 20260211-184201 | DRY RUN: Would send email to carol.davis@example.org
2026-02-11 18:42:01,916 | INFO | 20260211-184201 | DRY RUN: Would send email to david.miller@example.com
2026-02-11 18:42:01,921 | INFO | 20260211-184201 | DRY RUN: Would send email to emma.wilson@example.net
2026-02-11 18:42:01,929 | INFO | 20260211-184201 | DRY RUN: Would send email to frank.moore@example.org
2026-02-11 18:42:01,931 | INFO | 20260211-184201 | DRY RUN: Would send email to grace.taylor@example.com
2026-02-11 18:42:01,934 | INFO | 20260211-184201 | DRY RUN: Would send email to henry.anderson@example.net
2026-02-11 18:42:01,937 | INFO | 20260211-184201 | DRY RUN: Would send email to isabel.thomas@example.org
2026-02-11 18:42:01,940 | INFO | 20260211-184201 | DRY RUN: Would send email to jack.lee@example.com
2026-02-11 18:42:01,947 | INFO | 20260211-184201 | Executive Report----------------------
Sent emails: 13
Invalid emails: 2
Bounced emails: 0
Cron job installed/updated successfully.
2026-02-11 18:43:01,867 | INFO | 20260211-184301 | DRY RUN: Would send email to kebede298@gmail.com
2026-02-11 18:43:01,869 | INFO | 20260211-184301 | DRY RUN: Would send email to ayevuir3@gmail.com
2026-02-11 18:43:01,871 | WARNING | 20260211-184301 | Invalid recipient Email: dcc2y2 x@gmail.com
2026-02-11 18:43:01,873 | WARNING | 20260211-184301 | Invalid recipient Email: ebuwe 24g2@gmail.com
2026-02-11 18:43:01,875 | INFO | 20260211-184301 | DRY RUN: Would send email to eg8wfwrb8@gmail.com
2026-02-11 18:43:01,877 | INFO | 20260211-184301 | DRY RUN: Would send email to alice.smith@example.com
2026-02-11 18:43:01,879 | INFO | 20260211-184301 | DRY RUN: Would send email to bob.johnson@example.net
2026-02-11 18:43:01,881 | INFO | 20260211-184301 | DRY RUN: Would send email to carol.davis@example.org
2026-02-11 18:43:01,884 | INFO | 20260211-184301 | DRY RUN: Would send email to david.miller@example.com
2026-02-11 18:43:01,887 | INFO | 20260211-184301 | DRY RUN: Would send email to emma.wilson@example.net
2026-02-11 18:43:01,889 | INFO | 20260211-184301 | DRY RUN: Would send email to frank.moore@example.org
2026-02-11 18:43:01,892 | INFO | 20260211-184301 | DRY RUN: Would send email to grace.taylor@example.com
2026-02-11 18:43:01,894 | INFO | 20260211-184301 | DRY RUN: Would send email to henry.anderson@example.net
2026-02-11 18:43:01,896 | INFO | 20260211-184301 | DRY RUN: Would send email to isabel.thomas@example.org
2026-02-11 18:43:01,898 | INFO | 20260211-184301 | DRY RUN: Would send email to jack.lee@example.com
2026-02-11 18:43:01,901 | INFO | 20260211-184301 | Executive Report----------------------
Sent emails: 13
Invalid emails: 2
Bounced emails: 0
Cron job already exists.
2026-02-11 18:43:48,124 | INFO | 20260211-184348 | DRY RUN: Would send email to kebede298@gmail.com
2026-02-11 18:43:48,128 | INFO | 20260211-184348 | DRY RUN: Would send email to ayevuir3@gmail.com
2026-02-11 18:43:48,130 | WARNING | 20260211-184348 | Invalid recipient Email: dcc2y2 x@gmail.com
2026-02-11 18:43:48,133 | WARNING | 20260211-184348 | Invalid recipient Email: ebuwe 24g2@gmail.com
2026-02-11 18:43:48,138 | INFO | 20260211-184348 | DRY RUN: Would send email to eg8wfwrb8@gmail.com
2026-02-11 18:43:48,143 | INFO | 20260211-184348 | DRY RUN: Would send email to alice.smith@example.com
2026-02-11 18:43:48,148 | INFO | 20260211-184348 | DRY RUN: Would send email to bob.johnson@example.net
2026-02-11 18:43:48,151 | INFO | 20260211-184348 | DRY RUN: Would send email to carol.davis@example.org
2026-02-11 18:43:48,153 | INFO | 20260211-184348 | DRY RUN: Would send email to david.miller@example.com
2026-02-11 18:43:48,158 | INFO | 20260211-184348 | DRY RUN: Would send email to emma.wilson@example.net
2026-02-11 18:43:48,160 | INFO | 20260211-184348 | DRY RUN: Would send email to frank.moore@example.org
2026-02-11 18:43:48,162 | INFO | 20260211-184348 | DRY RUN: Would send email to grace.taylor@example.com
2026-02-11 18:43:48,165 | INFO | 20260211-184348 | DRY RUN: Would send email to henry.anderson@example.net
2026-02-11 18:43:48,167 | INFO | 20260211-184348 | DRY RUN: Would send email to isabel.thomas@example.org
2026-02-11 18:43:48,171 | INFO | 20260211-184348 | DRY RUN: Would send email to jack.lee@example.com
2026-02-11 18:43:48,175 | INFO | 20260211-184348 | Executive Report----------------------
Sent emails: 13
Invalid emails: 2
Bounced emails: 0
2026-02-11 18:44:03,066 | INFO | 20260211-184403 | DRY RUN: Would send email to kebede298@gmail.com
2026-02-11 18:44:03,068 | INFO | 20260211-184403 | DRY RUN: Would send email to ayevuir3@gmail.com
2026-02-11 18:44:03,071 | WARNING | 20260211-184403 | Invalid recipient Email: dcc2y2 x@gmail.com
2026-02-11 18:44:03,074 | WARNING | 20260211-184403 | Invalid recipient Email: ebuwe 24g2@gmail.com
2026-02-11 18:44:03,080 | INFO | 20260211-184403 | DRY RUN: Would send email to eg8wfwrb8@gmail.com
2026-02-11 18:44:03,083 | INFO | 20260211-184403 | DRY RUN: Would send email to alice.smith@example.com
2026-02-11 18:44:03,086 | INFO | 20260211-184403 | DRY RUN: Would send email to bob.johnson@example.net
2026-02-11 18:44:03,088 | INFO | 20260211-184403 | DRY RUN: Would send email to carol.davis@example.org
2026-02-11 18:44:03,093 | INFO | 20260211-184403 | DRY RUN: Would send email to david.miller@example.com
2026-02-11 18:44:03,097 | INFO | 20260211-184403 | DRY RUN: Would send email to emma.wilson@example.net
2026-02-11 18:44:03,100 | INFO | 20260211-184403 | DRY RUN: Would send email to frank.moore@example.org
2026-02-11 18:44:03,103 | INFO | 20260211-184403 | DRY RUN: Would send email to grace.taylor@example.com
2026-02-11 18:44:03,106 | INFO | 20260211-184403 | DRY RUN: Would send email to henry.anderson@example.net
2026-02-11 18:44:03,109 | INFO | 20260211-184403 | DRY RUN: Would send email to isabel.thomas@example.org
2026-02-11 18:44:03,113 | INFO | 20260211-184403 | DRY RUN: Would send email to jack.lee@example.com
2026-02-11 18:44:03,116 | INFO | 20260211-184403 | Executive Report----------------------
Sent emails: 13
Invalid emails: 2
Bounced emails: 0
Cron job already exists.
2026-02-11 18:45:01,942 | INFO | 20260211-184501 | DRY RUN: Would send email to kebede298@gmail.com
2026-02-11 18:45:01,944 | INFO | 20260211-184501 | DRY RUN: Would send email to ayevuir3@gmail.com
2026-02-11 18:45:01,946 | WARNING | 20260211-184501 | Invalid recipient Email: dcc2y2 x@gmail.com
2026-02-11 18:45:01,950 | WARNING | 20260211-184501 | Invalid recipient Email: ebuwe 24g2@gmail.com
2026-02-11 18:45:01,953 | INFO | 20260211-184501 | DRY RUN: Would send email to eg8wfwrb8@gmail.com
2026-02-11 18:45:01,955 | INFO | 20260211-184501 | DRY RUN: Would send email to alice.smith@example.com
2026-02-11 18:45:01,957 | INFO | 20260211-184501 | DRY RUN: Would send email to bob.johnson@example.net
2026-02-11 18:45:01,960 | INFO | 20260211-184501 | DRY RUN: Would send email to carol.davis@example.org
2026-02-11 18:45:01,964 | INFO | 20260211-184501 | DRY RUN: Would send email to david.miller@example.com
2026-02-11 18:45:01,967 | INFO | 20260211-184501 | DRY RUN: Would send email to emma.wilson@example.net
2026-02-11 18:45:01,969 | INFO | 20260211-184501 | DRY RUN: Would send email to frank.moore@example.org
2026-02-11 18:45:01,971 | INFO | 20260211-184501 | DRY RUN: Would send email to grace.taylor@example.com
2026-02-11 18:45:01,973 | INFO | 20260211-184501 | DRY RUN: Would send email to henry.anderson@example.net
2026-02-11 18:45:01,975 | INFO | 20260211-184501 | DRY RUN: Would send email to isabel.thomas@example.org
2026-02-11 18:45:01,977 | INFO | 20260211-184501 | DRY RUN: Would send email to jack.lee@example.com
2026-02-11 18:45:01,979 | INFO | 20260211-184501 | Executive Report----------------------
Sent emails: 13
Invalid emails: 2
Bounced emails: 0
Cron job already exists.
2026-02-11 18:46:02,005 | INFO | 20260211-184601 | DRY RUN: Would send email to kebede298@gmail.com
2026-02-11 18:46:02,007 | INFO | 20260211-184601 | DRY RUN: Would send email to ayevuir3@gmail.com
2026-02-11 18:46:02,014 | WARNING | 20260211-184601 | Invalid recipient Email: dcc2y2 x@gmail.com
2026-02-11 18:46:02,018 | WARNING | 20260211-184601 | Invalid recipient Email: ebuwe 24g2@gmail.com
2026-02-11 18:46:02,022 | INFO | 20260211-184601 | DRY RUN: Would send email to eg8wfwrb8@gmail.com
2026-02-11 18:46:02,029 | INFO | 20260211-184601 | DRY RUN: Would send email to alice.smith@example.com
2026-02-11 18:46:02,033 | INFO | 20260211-184601 | DRY RUN: Would send email to bob.johnson@example.net
2026-02-11 18:46:02,038 | INFO | 20260211-184601 | DRY RUN: Would send email to carol.davis@example.org
2026-02-11 18:46:02,041 | INFO | 20260211-184601 | DRY RUN: Would send email to david.miller@example.com
2026-02-11 18:46:02,043 | INFO | 20260211-184601 | DRY RUN: Would send email to emma.wilson@example.net
2026-02-11 18:46:02,046 | INFO | 20260211-184601 | DRY RUN: Would send email to frank.moore@example.org
2026-02-11 18:46:02,050 | INFO | 20260211-184601 | DRY RUN: Would send email to grace.taylor@example.com
2026-02-11 18:46:02,057 | INFO | 20260211-184601 | DRY RUN: Would send email to henry.anderson@example.net
2026-02-11 18:46:02,060 | INFO | 20260211-184601 | DRY RUN: Would send email to isabel.thomas@example.org
2026-02-11 18:46:02,063 | INFO | 20260211-184601 | DRY RUN: Would send email to jack.lee@example.com
2026-02-11 18:46:02,067 | INFO | 20260211-184601 | Executive Report----------------------
Sent emails: 13
Invalid emails: 2
Bounced emails: 0
Cron job already exists.
2026-02-11 18:46:56,694 | INFO | 20260211-184656 | DRY RUN: Would send email to kebede298@gmail.com
2026-02-11 18:46:56,696 | INFO | 20260211-184656 | DRY RUN: Would send email to ayevuir3@gmail.com
2026-02-11 18:46:56,699 | WARNING | 20260211-184656 | Invalid recipient Email: dcc2y2 x@gmail.com
2026-02-11 18:46:56,702 | WARNING | 20260211-184656 | Invalid recipient Email: ebuwe 24g2@gmail.com
2026-02-11 18:46:56,706 | INFO | 20260211-184656 | DRY RUN: Would send email to eg8wfwrb8@gmail.com
2026-02-11 18:46:56,708 | INFO | 20260211-184656 | DRY RUN: Would send email to alice.smith@example.com
2026-02-11 18:46:56,710 | INFO | 20260211-184656 | DRY RUN: Would send email to bob.johnson@example.net
2026-02-11 18:46:56,717 | INFO | 20260211-184656 | DRY RUN: Would send email to carol.davis@example.org
2026-02-11 18:46:56,719 | INFO | 20260211-184656 | DRY RUN: Would send email to david.miller@example.com
2026-02-11 18:46:56,722 | INFO | 20260211-184656 | DRY RUN: Would send email to emma.wilson@example.net
2026-02-11 18:46:56,724 | INFO | 20260211-184656 | DRY RUN: Would send email to frank.moore@example.org
2026-02-11 18:46:56,726 | INFO | 20260211-184656 | DRY RUN: Would send email to grace.taylor@example.com
2026-02-11 18:46:56,728 | INFO | 20260211-184656 | DRY RUN: Would send email to henry.anderson@example.net
2026-02-11 18:46:56,732 | INFO | 20260211-184656 | DRY RUN: Would send email to isabel.thomas@example.org
2026-02-11 18:46:56,736 | INFO | 20260211-184656 | DRY RUN: Would send email to jack.lee@example.com
2026-02-11 18:46:56,739 | INFO | 20260211-184656 | Executive Report----------------------
Sent emails: 13
Invalid emails: 2
Bounced emails: 0
2026-02-11 18:47:01,567 | INFO | 20260211-184701 | DRY RUN: Would send email to kebede298@gmail.com
2026-02-11 18:47:01,570 | INFO | 20260211-184701 | DRY RUN: Would send email to ayevuir3@gmail.com
2026-02-11 18:47:01,573 | WARNING | 20260211-184701 | Invalid recipient Email: dcc2y2 x@gmail.com
2026-02-11 18:47:01,576 | WARNING | 20260211-184701 | Invalid recipient Email: ebuwe 24g2@gmail.com
2026-02-11 18:47:01,580 | INFO | 20260211-184701 | DRY RUN: Would send email to eg8wfwrb8@gmail.com
2026-02-11 18:47:01,584 | INFO | 20260211-184701 | DRY RUN: Would send email to alice.smith@example.com
2026-02-11 18:47:01,587 | INFO | 20260211-184701 | DRY RUN: Would send email to bob.johnson@example.net
2026-02-11 18:47:01,590 | INFO | 20260211-184701 | DRY RUN: Would send email to carol.davis@example.org
2026-02-11 18:47:01,593 | INFO | 20260211-184701 | DRY RUN: Would send email to david.miller@example.com
2026-02-11 18:47:01,597 | INFO | 20260211-184701 | DRY RUN: Would send email to emma.wilson@example.net
2026-02-11 18:47:01,599 | INFO | 20260211-184701 | DRY RUN: Would send email to frank.moore@example.org
2026-02-11 18:47:01,603 | INFO | 20260211-184701 | DRY RUN: Would send email to grace.taylor@example.com
2026-02-11 18:47:01,606 | INFO | 20260211-184701 | DRY RUN: Would send email to henry.anderson@example.net
2026-02-11 18:47:01,609 | INFO | 20260211-184701 | DRY RUN: Would send email to isabel.thomas@example.org
2026-02-11 18:47:01,612 | INFO | 20260211-184701 | DRY RUN: Would send email to jack.lee@example.com
2026-02-11 18:47:01,615 | INFO | 20260211-184701 | Executive Report----------------------
Sent emails: 13
Invalid emails: 2
Bounced emails: 0
Cron job already exists.
2026-02-11 18:48:02,693 | INFO | 20260211-184802 | DRY RUN: Would send email to kebede298@gmail.com
2026-02-11 18:48:02,697 | INFO | 20260211-184802 | DRY RUN: Would send email to ayevuir3@gmail.com
2026-02-11 18:48:02,701 | WARNING | 20260211-184802 | Invalid recipient Email: dcc2y2 x@gmail.com
2026-02-11 18:48:02,706 | WARNING | 20260211-184802 | Invalid recipient Email: ebuwe 24g2@gmail.com
2026-02-11 18:48:02,711 | INFO | 20260211-184802 | DRY RUN: Would send email to eg8wfwrb8@gmail.com
2026-02-11 18:48:02,715 | INFO | 20260211-184802 | DRY RUN: Would send email to alice.smith@example.com
2026-02-11 18:48:02,719 | INFO | 20260211-184802 | DRY RUN: Would send email to bob.johnson@example.net
2026-02-11 18:48:02,724 | INFO | 20260211-184802 | DRY RUN: Would send email to carol.davis@example.org
2026-02-11 18:48:02,728 | INFO | 20260211-184802 | DRY RUN: Would send email to david.miller@example.com
2026-02-11 18:48:02,732 | INFO | 20260211-184802 | DRY RUN: Would send email to emma.wilson@example.net
2026-02-11 18:48:02,736 | INFO | 20260211-184802 | DRY RUN: Would send email to frank.moore@example.org
2026-02-11 18:48:02,739 | INFO | 20260211-184802 | DRY RUN: Would send email to grace.taylor@example.com
2026-02-11 18:48:02,741 | INFO | 20260211-184802 | DRY RUN: Would send email to henry.anderson@example.net
2026-02-11 18:48:02,744 | INFO | 20260211-184802 | DRY RUN: Would send email to isabel.thomas@example.org
2026-02-11 18:48:02,747 | INFO | 20260211-184802 | DRY RUN: Would send email to jack.lee@example.com
2026-02-11 18:48:02,755 | INFO | 20260211-184802 | Executive Report----------------------
Sent emails: 13
Invalid emails: 2
Bounced emails: 0
Cron job already exists.
