
2026-02-10 11:37:31,474 | INFO | 20260210-113731 | DRY RUN: Would send email to kebede298@gmail.com
2026-02-10 11:37:31,474 | INFO | 20260210-113731 | DRY RUN: Would send email to ayevuir3@gmail.com
2026-02-10 11:37:31,474 | WARNING | 20260210-113731 | Invalid recipient Email: dcc2y2 x@gmail.com
2026-02-10 11:37:31,474 | WARNING | 20260210-113731 | Invalid recipient Email: ebuwe 24g2@gmail.com
2026-02-10 11:37:31,474 | INFO | 20260210-113731 | DRY RUN: Would send email to eg8wfwrb8@gmail.com
2026-02-10 11:37:31,475 | INFO | 20260210-113731 | DRY RUN: Would send email to alice.smith@example.com
2026-02-10 11:37:31,475 | INFO | 20260210-113731 | DRY RUN: Would send email to bob.johnson@example.net
2026-02-10 11:37:31,475 | INFO | 20260210-113731 | DRY RUN: Would send email to carol.davis@example.org
2026-02-10 11:37:31,475 | INFO | 20260210-113731 | DRY RUN: Would send email to david.miller@example.com
2026-02-10 11:37:31,475 | INFO | 20260210-113731 | DRY RUN: Would send email to emma.wilson@example.net
2026-02-10 11:37:31,475 | INFO | 20260210-113731 | DRY RUN: Would send email to frank.moore@example.org
2026-02-10 11:37:31,475 | INFO | 20260210-113731 | DRY RUN: Would send email to grace.taylor@example.com
2026-02-10 11:37:31,475 | INFO | 20260210-113731 | DRY RUN: Would send email to henry.anderson@example.net
2026-02-10 11:37:31,475 | INFO | 20260210-113731 | DRY RUN: Would send email to isabel.thomas@example.org
2026-02-10 11:37:31,475 | INFO | 20260210-113731 | DRY RUN: Would send email to jack.lee@example.com
2026-02-10 11:37:31,475 | INFO | 20260210-113731 | Executive Report----------------------
Sent emails: 13
Invalid emails: 2
Bounced emails: 0
2026-02-10 12:10:56,747 | INFO | 20260210-121056 | DRY RUN: Would send email to kebede298@gmail.com
2026-02-10 12:10:56,748 | INFO | 20260210-121056 | DRY RUN: Would send email to ayevuir3@gmail.com
2026-02-10 12:10:56,748 | WARNING | 20260210-121056 | Invalid recipient Email: dcc2y2 x@gmail.com
2026-02-10 12:10:56,748 | WARNING | 20260210-121056 | Invalid recipient Email: ebuwe 24g2@gmail.com
2026-02-10 12:10:56,748 | INFO | 20260210-121056 | DRY RUN: Would send email to eg8wfwrb8@gmail.com
2026-02-10 12:10:56,748 | INFO | 20260210-121056 | DRY RUN: Would send email to alice.smith@example.com
2026-02-10 12:10:56,748 | INFO | 20260210-121056 | DRY RUN: Would send email to bob.johnson@example.net
2026-02-10 12:10:56,748 | INFO | 20260210-121056 | DRY RUN: Would send email to carol.davis@example.org
2026-02-10 12:10:56,748 | INFO | 20260210-121056 | DRY RUN: Would send email to david.miller@example.com
2026-02-10 12:10:56,749 | INFO | 20260210-121056 | DRY RUN: Would send email to emma.wilson@example.net
2026-02-10 12:10:56,749 | INFO | 20260210-121056 | DRY RUN: Would send email to frank.moore@example.org
2026-02-10 12:10:56,749 | INFO | 20260210-121056 | DRY RUN: Would send email to grace.taylor@example.com
2026-02-10 12:10:56,749 | INFO | 20260210-121056 | DRY RUN: Would send email to henry.anderson@example.net
2026-02-10 12:10:56,749 | INFO | 20260210-121056 | DRY RUN: Would send email to isabel.thomas@example.org
2026-02-10 12:10:56,749 | INFO | 20260210-121056 | DRY RUN: Would send email to jack.lee@example.com
2026-02-10 12:10:56,749 | INFO | 20260210-121056 | Executive Report----------------------
Sent emails: 13
Invalid emails: 2
Bounced emails: 0
